* using log directory ‘/cloud/project/mcgreal.pkg/mcgreal.pkg.Rcheck’
* using R version 4.3.1 (2023-06-16)
* using platform: x86_64-pc-linux-gnu (64-bit)
* R was compiled by
    gcc (Ubuntu 9.4.0-1ubuntu1~20.04.2) 9.4.0
    GNU Fortran (Ubuntu 9.4.0-1ubuntu1~20.04.2) 9.4.0
* running under: Ubuntu 20.04.6 LTS
* using session charset: UTF-8
* using options ‘--no-manual --as-cran’
* checking for file ‘mcgreal.pkg/DESCRIPTION’ ... OK
* this is package ‘mcgreal.pkg’ version ‘0.1’
* package encoding: UTF-8
* checking package namespace information ... OK
* checking package dependencies ... OK
* checking if this is a source package ... OK
* checking if there is a namespace ... OK
* checking for executable files ... OK
* checking for hidden files and directories ... OK
* checking for portable file names ... OK
* checking for sufficient/correct file permissions ... OK
* checking serialization versions ... OK
* checking whether package ‘mcgreal.pkg’ can be installed ... OK
* checking installed package size ... OK
* checking package directory ... OK
* checking for future file timestamps ... OK
* checking DESCRIPTION meta-information ... NOTE
Package listed in more than one of Depends, Imports, Suggests, Enhances:
  ‘tidyverse’
A package should be listed in only one of these fields.
* checking top-level files ... NOTE
Non-standard files/directories found at top level:
  ‘README.html’ ‘dictionary’ ‘docs’ ‘mcgreal.pkg.csv’
* checking for left-over files ... OK
* checking index information ... OK
* checking package subdirectories ... OK
* checking R files for non-ASCII characters ... OK
* checking R files for syntax errors ... OK
* checking whether the package can be loaded ... OK
* checking whether the package can be loaded with stated dependencies ... OK
* checking whether the package can be unloaded cleanly ... OK
* checking whether the namespace can be loaded with stated dependencies ... OK
* checking whether the namespace can be unloaded cleanly ... OK
* checking loading without being on the library search path ... OK
* checking dependencies in R code ... NOTE
Namespaces in Imports field not imported from:
  ‘broom’ ‘credentials’ ‘devtools’ ‘ggplot2’ ‘readr’ ‘tidyverse’
  All declared Imports should be used.
Package in Depends field not imported from: ‘tidyverse’
  These packages need to be imported from (in the NAMESPACE file)
  for when this namespace is loaded but not attached.
* checking S3 generic/method consistency ... OK
* checking replacement functions ... OK
* checking foreign function calls ... OK
* checking R code for possible problems ... NOTE
ODBA: no visible global function definition for ‘%>%’
ODBA: no visible global function definition for ‘mutate’
ODBA: no visible global function definition for ‘rename’
ODBA: no visible global function definition for ‘:=’
absValues: no visible global function definition for ‘%>%’
absValues: no visible global function definition for ‘mutate’
absValues: no visible global function definition for ‘rename’
absValues: no visible global function definition for ‘:=’
createBAOPlot: no visible global function definition for ‘ggplot’
createBAOPlot: no visible global function definition for ‘aes’
createBAOPlot: no visible global function definition for ‘geom_line’
createBAOPlot: no visible global function definition for ‘geom_hline’
createBAOPlot: no visible global function definition for ‘ggsave’
createTimeSeriesPlot: no visible global function definition for
  ‘ggplot’
createTimeSeriesPlot: no visible global function definition for
  ‘aes_string’
createTimeSeriesPlot: no visible global function definition for
  ‘geom_line’
createTimeSeriesPlot: no visible global function definition for ‘labs’
createTimeSeriesPlot: no visible global function definition for
  ‘facet_wrap’
readData: no visible global function definition for ‘read_csv’
runLinearModel: no visible global function definition for ‘as.formula’
runLinearModel: no visible global function definition for ‘lm’
Undefined global functions or variables:
  %>% := aes aes_string as.formula facet_wrap geom_hline geom_line
  ggplot ggsave labs lm mutate read_csv rename
Consider adding
  importFrom("stats", "as.formula", "lm")
to your NAMESPACE file.
* checking Rd files ... OK
* checking Rd metadata ... OK
* checking Rd line widths ... OK
* checking Rd cross-references ... OK
* checking for missing documentation entries ... WARNING
Undocumented data sets:
  ‘mcgreal.pkg’
All user-level objects in a package should have documentation entries.
See chapter ‘Writing R documentation files’ in the ‘Writing R
Extensions’ manual.
* checking for code/documentation mismatches ... OK
* checking Rd \usage sections ... OK
* checking Rd contents ... OK
* checking for unstated dependencies in examples ... OK
* checking contents of ‘data’ directory ... OK
* checking data for non-ASCII characters ... OK
* checking data for ASCII and uncompressed saves ... OK
* checking files in ‘vignettes’ ... WARNING
Files in the 'vignettes' directory but no files in 'inst/doc':
  ‘MovementBehaviorTutorial.rmd’
Files named as vignettes but with no recognized vignette engine:
   ‘vignettes/MovementBehaviorTutorial.rmd’
(Is a VignetteBuilder field missing?)
* checking examples ... NONE
* checking for non-standard things in the check directory ... OK
* checking for detritus in the temp directory ... OK
* DONE
Status: 2 WARNINGs, 4 NOTEs
